<?xml version="1.0" encoding="UTF-8"?>
<!-- Generated by org.testng.reporters.JUnitReportReporter -->
<testsuite hostname="skhatri-mbp.local" failures="0" tests="1" name="cribl.assignment.test.TargetFileValidationTests" time="0.005" errors="0" timestamp="01 Jul 2021 00:55:52 GMT" skipped="0">
  <testcase classname="cribl.assignment.test.TargetFileValidationTests" name="verifyFileCount" time="0.005"/>
</testsuite> <!-- cribl.assignment.test.TargetFileValidationTests -->
